{"C:\\Users\\Niaz\\Desktop\\git\\nlinks\\test\\nlinksTester.js": {"path":"C:\\Users\\Niaz\\Desktop\\git\\nlinks\\test\\nlinksTester.js","statementMap":{"0":{"start":{"line":1,"column":14},"end":{"line":1,"column":30}},"1":{"start":{"line":2,"column":13},"end":{"line":2,"column":34}},"2":{"start":{"line":3,"column":11},"end":{"line":3,"column":24}},"3":{"start":{"line":6,"column":3},"end":{"line":36,"column":4}},"4":{"start":{"line":8,"column":25},"end":{"line":11,"column":11}},"5":{"start":{"line":12,"column":19},"end":{"line":12,"column":21}},"6":{"start":{"line":13,"column":9},"end":{"line":30,"column":10}},"7":{"start":{"line":14,"column":12},"end":{"line":26,"column":13}},"8":{"start":{"line":16,"column":18},"end":{"line":16,"column":31}},"9":{"start":{"line":17,"column":18},"end":{"line":19,"column":20}},"10":{"start":{"line":22,"column":18},"end":{"line":22,"column":34}},"11":{"start":{"line":23,"column":18},"end":{"line":25,"column":20}},"12":{"start":{"line":28,"column":12},"end":{"line":28,"column":24}},"13":{"start":{"line":29,"column":12},"end":{"line":29,"column":96}},"14":{"start":{"line":32,"column":6},"end":{"line":32,"column":22}},"15":{"start":{"line":34,"column":6},"end":{"line":34,"column":25}},"16":{"start":{"line":35,"column":6},"end":{"line":35,"column":18}},"17":{"start":{"line":39,"column":0},"end":{"line":39,"column":29}}},"fnMap":{"0":{"name":"linkToCheck","decl":{"start":{"line":5,"column":9},"end":{"line":5,"column":20}},"loc":{"start":{"line":5,"column":33},"end":{"line":37,"column":1}},"line":5},"1":{"name":"simple","decl":{"start":{"line":7,"column":21},"end":{"line":7,"column":27}},"loc":{"start":{"line":7,"column":30},"end":{"line":31,"column":7}},"line":7}},"branchMap":{"0":{"loc":{"start":{"line":13,"column":9},"end":{"line":30,"column":10}},"type":"if","locations":[{"start":{"line":13,"column":9},"end":{"line":30,"column":10}},{"start":{"line":13,"column":9},"end":{"line":30,"column":10}}],"line":13},"1":{"loc":{"start":{"line":14,"column":12},"end":{"line":26,"column":13}},"type":"switch","locations":[{"start":{"line":15,"column":15},"end":{"line":19,"column":20}},{"start":{"line":21,"column":15},"end":{"line":25,"column":20}}],"line":14}},"s":{"0":1,"1":1,"2":1,"3":2,"4":2,"5":2,"6":2,"7":1,"8":1,"9":1,"10":0,"11":0,"12":1,"13":1,"14":2,"15":0,"16":0,"17":1},"f":{"0":2,"1":2},"b":{"0":[1,1],"1":[1,0]},"_coverageSchema":"1a1c01bbd47fc00a2c39e90264f33305004495a9","hash":"0dddc68ac0c47d6389331df1b1ead5411dfab3d8"}
}
